<?xml version="1.0" encoding="UTF-8"?>
<!-- Generated by org.testng.reporters.JUnitReportReporter -->
<testsuite hostname="DESKTOP-GG0HD2N" failures="0" tests="1" name="dragAnddrop.DragAndDrop" time="8.022" errors="0" timestamp="2023-12-10T20:30:13 IST" skipped="0">
  <testcase classname="dragAnddrop.DragAndDrop" name="performDragAndDrop" time="8.022"/>
</testsuite> <!-- dragAnddrop.DragAndDrop -->
