<?xml version="1.0" encoding="UTF-8"?>
<!-- Generated by org.testng.reporters.JUnitReportReporter -->
<testsuite hostname="DESKTOP-GG0HD2N" failures="0" tests="2" name="facebooksignuptest.FacebookSignUpTest" time="7.251" errors="0" timestamp="2023-12-09T21:40:11 IST" skipped="0">
  <testcase classname="facebooksignuptest.FacebookSignUpTest" name="navigateToFacebook" time="0.763"/>
  <testcase classname="facebooksignuptest.FacebookSignUpTest" name="signUpOnFacebook" time="6.488"/>
</testsuite> <!-- facebooksignuptest.FacebookSignUpTest -->
